<?xml version="1.0" encoding="UTF-8"?>
<!-- Generated by org.testng.reporters.JUnitReportReporter -->
<testsuite hostname="HPCL202004024deMacBook-Pro.local" name="bigBoy.app.goods.goodsTest" tests="19" failures="0" timestamp="2 Sep 2021 08:13:59 GMT" time="24.122" errors="0">
  <testcase name="getAllMenuGoodsTest" time="0.100" classname="bigBoy.app.goods.goodsTest"/>
  <testcase name="getCollectionInfoTest" time="0.066" classname="bigBoy.app.goods.goodsTest"/>
  <testcase name="getCollectionInfoTest" time="0.056" classname="bigBoy.app.goods.goodsTest"/>
  <testcase name="getAllMenuGoodsTest" time="0.067" classname="bigBoy.app.goods.goodsTest"/>
  <testcase name="getRecommendListTest" time="0.351" classname="bigBoy.app.goods.goodsTest"/>
  <testcase name="getRecommendListTest" time="0.172" classname="bigBoy.app.goods.goodsTest"/>
  <testcase name="getRecommendListTest" time="0.160" classname="bigBoy.app.goods.goodsTest"/>
  <testcase name="getAllMenuGoodsTest" time="0.077" classname="bigBoy.app.goods.goodsTest"/>
  <testcase name="getGoodsByCollectionTest" time="5.831" classname="bigBoy.app.goods.goodsTest"/>
  <testcase name="getCommentsByChannelTest" time="0.320" classname="bigBoy.app.goods.goodsTest"/>
  <testcase name="getAllMenuGoodsTest" time="0.110" classname="bigBoy.app.goods.goodsTest"/>
  <testcase name="getRecommendListTest" time="0.298" classname="bigBoy.app.goods.goodsTest"/>
  <testcase name="getCollectionInfoTest" time="0.086" classname="bigBoy.app.goods.goodsTest"/>
  <testcase name="getChannelInfoTest" time="0.276" classname="bigBoy.app.goods.goodsTest"/>
  <testcase name="hotSearchKeywordsTest" time="0.072" classname="bigBoy.app.goods.goodsTest"/>
  <testcase name="searchByKeywordsTest" time="13.269" classname="bigBoy.app.goods.goodsTest"/>
  <testcase name="getAllMenuGoodsTest" time="0.114" classname="bigBoy.app.goods.goodsTest"/>
  <testcase name="getFlowTest" time="2.480" classname="bigBoy.app.goods.goodsTest"/>
  <testcase name="getRecommendListTest" time="0.217" classname="bigBoy.app.goods.goodsTest"/>
</testsuite> <!-- bigBoy.app.goods.goodsTest -->
