<?xml version="1.0" encoding="UTF-8"?>
<!-- Generated by org.testng.reporters.JUnitReportReporter -->
<testsuite hostname="HPCL202004024deMacBook-Pro.local" name="bigBoy.app.user.loginTest" tests="1" failures="0" timestamp="2 Sep 2021 08:13:59 GMT" time="0.395" errors="0">
  <testcase name="sendSecurityCodeTest" time="0.395" classname="bigBoy.app.user.loginTest"/>
</testsuite> <!-- bigBoy.app.user.loginTest -->
