<?xml version="1.0" encoding="UTF-8"?>
<!-- Generated by org.testng.reporters.JUnitReportReporter -->
<testsuite hostname="HPCL202004024deMacBook-Pro.local" name="bigBoy.app.goods.goodsDetailsTest" tests="3" failures="0" timestamp="2 Sep 2021 08:13:59 GMT" time="0.419" errors="0">
  <testcase name="queryGoodsShopViewById" time="0.270" classname="bigBoy.app.goods.goodsDetailsTest"/>
  <testcase name="associateThreadTest" time="0.085" classname="bigBoy.app.goods.goodsDetailsTest"/>
  <testcase name="getgoodsCommentsTest" time="0.064" classname="bigBoy.app.goods.goodsDetailsTest"/>
</testsuite> <!-- bigBoy.app.goods.goodsDetailsTest -->
