<?xml version="1.0" encoding="UTF-8"?>
<!-- Generated by org.testng.reporters.JUnitReportReporter -->
<testsuite hostname="HPCL202004024deMacBook-Pro.local" name="bigBoy.app.homepage.lastInfo" tests="1" failures="0" timestamp="2 Sep 2021 08:13:59 GMT" time="0.085" errors="0">
  <testcase name="queryLastInfoTest" time="0.085" classname="bigBoy.app.homepage.lastInfo"/>
</testsuite> <!-- bigBoy.app.homepage.lastInfo -->
