<?xml version="1.0" encoding="UTF-8"?>
<!-- Generated by org.testng.reporters.JUnitReportReporter -->
<testsuite hostname="HPCL202004024deMacBook-Pro.local" name="bigBoy.app.goods.timelineTest" tests="1" failures="0" timestamp="2 Sep 2021 08:13:59 GMT" time="0.358" errors="0">
  <testcase name="timelineTest" time="0.358" classname="bigBoy.app.goods.timelineTest"/>
</testsuite> <!-- bigBoy.app.goods.timelineTest -->
