<?xml version="1.0" encoding="UTF-8"?>
<!-- Generated by org.testng.reporters.JUnitReportReporter -->
<testsuite hostname="HPCL202004024deMacBook-Pro.local" name="bigBoy.app.user.infromTest" tests="3" failures="0" timestamp="2 Sep 2021 08:13:59 GMT" time="0.541" errors="0">
  <testcase name="addInformThreadTest" time="0.106" classname="bigBoy.app.user.infromTest"/>
  <testcase name="addInformReplyTest" time="0.080" classname="bigBoy.app.user.infromTest"/>
  <testcase name="addInformChannelTest" time="0.355" classname="bigBoy.app.user.infromTest"/>
</testsuite> <!-- bigBoy.app.user.infromTest -->
