<?xml version="1.0" encoding="UTF-8"?>
<!-- Generated by org.testng.reporters.JUnitReportReporter -->
<testsuite hostname="HPCL202004024deMacBook-Pro.local" name="bigBoy.app.user.userCenter" tests="1" failures="0" timestamp="2 Sep 2021 08:13:59 GMT" time="0.182" errors="0">
  <testcase name="queryUserCenterListTest" time="0.182" classname="bigBoy.app.user.userCenter"/>
</testsuite> <!-- bigBoy.app.user.userCenter -->
