<?xml version="1.0" encoding="UTF-8"?>
<!-- Generated by org.testng.reporters.JUnitReportReporter -->
<testsuite hostname="HPCL202004024deMacBook-Pro.local" name="bigBoy.app.homepage.homePageTest" tests="3" failures="0" timestamp="2 Sep 2021 08:13:59 GMT" time="1.303" errors="0">
  <testcase name="queryNewsTest" time="0.342" classname="bigBoy.app.homepage.homePageTest"/>
  <testcase name="queryHomePageThreadListTest" time="0.865" classname="bigBoy.app.homepage.homePageTest"/>
  <testcase name="queryHomePageTopTest" time="0.096" classname="bigBoy.app.homepage.homePageTest"/>
</testsuite> <!-- bigBoy.app.homepage.homePageTest -->
